

Microchip Technology PIC18 LITE Macro Assembler V1.31 build 56723 
                                                                                               Wed Jul 30 10:20:22 2014

Microchip Technology Omniscient Code Generator (Lite mode) build 56723
     1                           	processor	18F4580
     2                           	fnconf	rparam,??,?,0
     3                           	opt	pw 120
     4                           	opt	lm
     5                           	psect	text0,global,reloc=2,class=CODE,delta=1
     6                           	psect	cinit,global,reloc=2,class=CODE,delta=1
     7                           	psect	bssCOMRAM,global,class=COMRAM,space=1,delta=1
     8                           	psect	cstackCOMRAM,global,class=COMRAM,space=1,delta=1
     9                           	psect	text1,global,reloc=2,class=CODE,delta=1
    10                           	psect	text2,global,reloc=2,class=CODE,delta=1
    11                           	psect	text3,global,reloc=2,class=CODE,delta=1
    12                           	psect	text4,global,reloc=2,class=CODE,delta=1
    13                           	psect	text5,global,reloc=2,class=CODE,delta=1
    14                           	psect	text6,global,reloc=2,class=CODE,delta=1
    15                           	psect	text7,global,reloc=2,class=CODE,delta=1
    16                           	psect	intsave_regs,global,class=BIGRAM,space=1,delta=1
    17                           	psect	rparam,global,class=COMRAM,space=1,delta=1
    18  0000                     _ADCON0bits	set	4034
    19  0000                     _ADCON1bits	set	4033
    20  0000                     _ADCON2bits	set	4032
    21  0000                     _CCP1CONbits	set	4029
    22  0000                     _CCPR1L	set	4030
    23  0000                     _LATCbits	set	3979
    24  0000                     _LATDbits	set	3980
    25  0000                     _OSCCONbits	set	4051
    26  0000                     _OSCTUNEbits	set	3995
    27  0000                     _PR2	set	4043
    28  0000                     _T2CONbits	set	4042
    29  0000                     _TRISA	set	3986
    30  0000                     _TRISCbits	set	3988
    31  0000                     _TRISDbits	set	3989
    32                           
    33                           ; 0 bytes @ 0x4
    34 ;;
    35 ;;Main: autosize = 0, tempsize = 0, incstack = 0, save=0
    36 ;;
    37 ;; *************** function _main *****************
    38 ;; Defined at:
    39 ;;		line 63 in file "main.c"
    40 ;; Parameters:    Size  Location     Type
    41 ;;		None
    42 ;; Auto vars:     Size  Location     Type
    43 ;;		None
    44 ;; Return value:  Size  Location     Type
    45 ;;		None               void
    46 ;; Registers used:
    47 ;;		wreg, status,2, status,0, cstack
    48 ;; Tracked objects:
    49 ;;		On entry : 0/0
    50 ;;		On exit  : 0/0
    51 ;;		Unchanged: 0/0
    52 ;; Data sizes:     COMRAM   BANK0   BANK1   BANK2   BANK3   BANK4   BANK5
    53 ;;      Params:         0       0       0       0       0       0       0
    54 ;;      Locals:         0       0       0       0       0       0       0
    55 ;;      Temps:          0       0       0       0       0       0       0
    56 ;;      Totals:         0       0       0       0       0       0       0
    57 ;;Total ram usage:        0 bytes
    58 ;; Hardware stack levels required when called:    3
    59 ;; This function calls:
    60 ;;		_ConfigureOscillator
    61 ;;		_Delay10KTCYx
    62 ;;		_InitApp
    63 ;;		_doPWMPeriod
    64 ;; This function is called by:
    65 ;;		Startup code after reset
    66 ;; This function uses a non-reentrant model
    67 ;;
    68                           
    69                           	psect	text0
    70  007FA0                     __ptext0:
    71                           	opt stack 0
    72  007FA0                     _main:
    73                           	opt stack 28
    74                           
    75                           ;main.c: 64: ConfigureOscillator();
    76                           
    77                           ;incstack = 0
    78  007FA0  EC52  F03F         	call	_ConfigureOscillator	;wreg free
    79                           
    80                           ;main.c: 65: InitApp();
    81  007FA4  ECA8  F03F         	call	_InitApp	;wreg free
    82                           
    83                           ;main.c: 66: Delay10KTCYx(3);
    84  007FA8  0E03               	movlw	3
    85  007FAA  EC6D  F03F         	call	_Delay10KTCYx
    86  007FAE                     l726:
    87                           
    88                           ;main.c: 69: if(flag == 0){
    89  007FAE  5006               	movf	_flag+1,w,c
    90  007FB0  1005               	iorwf	_flag,w,c
    91  007FB2  A4D8               	btfss	status,2,c
    92  007FB4  D008               	goto	l730
    93                           
    94                           ;main.c: 70: flag = 1;
    95  007FB6  0E00               	movlw	0
    96  007FB8  6E06               	movwf	_flag+1,c
    97  007FBA  0E01               	movlw	1
    98  007FBC  6E05               	movwf	_flag,c
    99                           
   100                           ;main.c: 71: angle = 10;
   101  007FBE  0E00               	movlw	0
   102  007FC0  6E04               	movwf	_angle+1,c
   103  007FC2  0E0A               	movlw	10
   104  007FC4  D00B               	goto	L1
   105  007FC6                     l730:
   106  007FC6  0405               	decf	_flag,w,c
   107  007FC8  1006               	iorwf	_flag+1,w,c
   108  007FCA  A4D8               	btfss	status,2,c
   109  007FCC  D008               	goto	l36
   110                           
   111                           ;main.c: 73: flag = 0;
   112  007FCE  0E00               	movlw	0
   113  007FD0  6E06               	movwf	_flag+1,c
   114  007FD2  0E00               	movlw	0
   115  007FD4  6E05               	movwf	_flag,c
   116                           
   117                           ;main.c: 74: angle = 90;
   118  007FD6  0E00               	movlw	0
   119  007FD8  6E04               	movwf	_angle+1,c
   120  007FDA  0E5A               	movlw	90
   121  007FDC                     L1:
   122  007FDC  6E03               	movwf	_angle,c
   123  007FDE                     l36:
   124                           
   125                           ;main.c: 75: }
   126                           ;main.c: 77: for(j=0;j<50;j++){
   127  007FDE  0E00               	movlw	0
   128  007FE0  6E0A               	movwf	_j+1,c
   129  007FE2  0E00               	movlw	0
   130  007FE4  6E09               	movwf	_j,c
   131  007FE6  500A               	movf	_j+1,w,c
   132  007FE8  0A80               	xorlw	128
   133  007FEA  0F80               	addlw	-128
   134  007FEC  0E32               	movlw	50
   135  007FEE  B4D8               	btfsc	status,2,c
   136  007FF0  5C09               	subwf	_j,w,c
   137  007FF2  B0D8               	btfsc	status,0,c
   138  007FF4  D7DC               	goto	l726
   139                           
   140                           ;main.c: 78: doPWMPeriod();
   141  007FF6  EC86  F03F         	call	_doPWMPeriod	;wreg free
   142  007FFA  4A09               	infsnz	_j,f,c
   143  007FFC  2A0A               	incf	_j+1,f,c
   144  007FFE  D7F3               	goto	L2
   145  008000                     __end_of_main:
   146                           	opt stack 0
   147                           status	equ	0xFD8
   148                           
   149                           	psect	cinit
   150  007EC8                     __pcinit:
   151                           	opt stack 0
   152  007EC8                     start_initialization:
   153                           	opt stack 0
   154  007EC8                     __initialization:
   155                           	opt stack 0
   156                           
   157                           ; Clear objects allocated to COMRAM (10 bytes)
   158  007EC8  EE00  F001         	lfsr	0,__pbssCOMRAM
   159  007ECC  0E0A               	movlw	10
   160  007ECE                     clear_0:
   161  007ECE  6AEE               	clrf	postinc0,c
   162  007ED0  06E8               	decf	wreg,f,c
   163  007ED2  E1FD               	bnz	clear_0
   164  007ED4                     end_of_initialization:
   165                           	opt stack 0
   166  007ED4                     __end_of__initialization:
   167                           	opt stack 0
   168  007ED4  0100               	movlb	0
   169  007ED6  EFD0  F03F         	goto	_main	;jump to C main() function
   170                           postinc0	equ	0xFEE
   171                           wreg	equ	0xFE8
   172                           status	equ	0xFD8
   173                           
   174                           	psect	bssCOMRAM
   175  000001                     __pbssCOMRAM:
   176                           	opt stack 0
   177  000001                     _ADCValue:
   178                           	opt stack 0
   179  000001                     	ds	2
   180  000003                     _angle:
   181                           	opt stack 0
   182  000003                     	ds	2
   183  000005                     _flag:
   184                           	opt stack 0
   185  000005                     	ds	2
   186  000007                     _i:
   187                           	opt stack 0
   188  000007                     	ds	2
   189  000009                     _j:
   190                           	opt stack 0
   191  000009                     	ds	2
   192                           postinc0	equ	0xFEE
   193                           wreg	equ	0xFE8
   194                           status	equ	0xFD8
   195                           
   196                           	psect	cstackCOMRAM
   197  00000B                     __pcstackCOMRAM:
   198                           	opt stack 0
   199  00000B                     ??_Delay10KTCYx:
   200  00000B                     Delay10TCYx@unit:
   201                           	opt stack 0
   202                           
   203                           ; 1 bytes @ 0x0
   204  00000B                     	ds	1
   205  00000C                     Delay10KTCYx@unit:
   206                           	opt stack 0
   207  00000C                     delayHigh@angle:
   208                           	opt stack 0
   209  00000C                     delayLow@angle:
   210                           	opt stack 0
   211                           
   212                           ; 2 bytes @ 0x1
   213  00000C                     	ds	2
   214  00000E                     ??_delayLow:
   215                           
   216                           ; 0 bytes @ 0x3
   217  00000E                     	ds	1
   218  00000F                     postinc0	equ	0xFEE
   219                           wreg	equ	0xFE8
   220                           status	equ	0xFD8
   221                           
   222 ;; *************** function _doPWMPeriod *****************
   223 ;; Defined at:
   224 ;;		line 53 in file "main.c"
   225 ;; Parameters:    Size  Location     Type
   226 ;;		None
   227 ;; Auto vars:     Size  Location     Type
   228 ;;		None
   229 ;; Return value:  Size  Location     Type
   230 ;;		None               void
   231 ;; Registers used:
   232 ;;		wreg, status,2, status,0, cstack
   233 ;; Tracked objects:
   234 ;;		On entry : 0/0
   235 ;;		On exit  : 0/0
   236 ;;		Unchanged: 0/0
   237 ;; Data sizes:     COMRAM   BANK0   BANK1   BANK2   BANK3   BANK4   BANK5
   238 ;;      Params:         0       0       0       0       0       0       0
   239 ;;      Locals:         0       0       0       0       0       0       0
   240 ;;      Temps:          0       0       0       0       0       0       0
   241 ;;      Totals:         0       0       0       0       0       0       0
   242 ;;Total ram usage:        0 bytes
   243 ;; Hardware stack levels used:    1
   244 ;; Hardware stack levels required when called:    2
   245 ;; This function calls:
   246 ;;		_delayHigh
   247 ;;		_delayLow
   248 ;; This function is called by:
   249 ;;		_main
   250 ;; This function uses a non-reentrant model
   251 ;;
   252                           
   253                           	psect	text1
   254  007F0C                     __ptext1:
   255                           	opt stack 0
   256  007F0C                     _doPWMPeriod:
   257                           	opt stack 28
   258                           
   259                           ;main.c: 54: LATDbits.LD0 = 0b1;
   260                           
   261                           ;incstack = 0
   262  007F0C  808C               	bsf	3980,0,c	;volatile
   263                           
   264                           ;main.c: 55: delayHigh(angle);
   265  007F0E  C003  F00C         	movff	_angle,delayHigh@angle
   266  007F12  C004  F00D         	movff	_angle+1,delayHigh@angle+1
   267  007F16  EC79  F03F         	call	_delayHigh	;wreg free
   268                           
   269                           ;main.c: 57: LATDbits.LD0 = 0b0;
   270  007F1A  908C               	bcf	3980,0,c	;volatile
   271                           
   272                           ;main.c: 58: delayLow(angle);
   273  007F1C  C003  F00C         	movff	_angle,delayLow@angle
   274  007F20  C004  F00D         	movff	_angle+1,delayLow@angle+1
   275  007F24  EC95  F03F         	call	_delayLow	;wreg free
   276  007F28  0012               	return	
   277  007F2A                     __end_of_doPWMPeriod:
   278                           	opt stack 0
   279                           postinc0	equ	0xFEE
   280                           wreg	equ	0xFE8
   281                           status	equ	0xFD8
   282                           
   283 ;; *************** function _delayLow *****************
   284 ;; Defined at:
   285 ;;		line 47 in file "main.c"
   286 ;; Parameters:    Size  Location     Type
   287 ;;  angle           2    1[COMRAM] int 
   288 ;; Auto vars:     Size  Location     Type
   289 ;;		None
   290 ;; Return value:  Size  Location     Type
   291 ;;		None               void
   292 ;; Registers used:
   293 ;;		wreg, status,2, status,0, cstack
   294 ;; Tracked objects:
   295 ;;		On entry : 0/0
   296 ;;		On exit  : 0/0
   297 ;;		Unchanged: 0/0
   298 ;; Data sizes:     COMRAM   BANK0   BANK1   BANK2   BANK3   BANK4   BANK5
   299 ;;      Params:         2       0       0       0       0       0       0
   300 ;;      Locals:         0       0       0       0       0       0       0
   301 ;;      Temps:          1       0       0       0       0       0       0
   302 ;;      Totals:         3       0       0       0       0       0       0
   303 ;;Total ram usage:        3 bytes
   304 ;; Hardware stack levels used:    1
   305 ;; Hardware stack levels required when called:    1
   306 ;; This function calls:
   307 ;;		_Delay10TCYx
   308 ;; This function is called by:
   309 ;;		_doPWMPeriod
   310 ;; This function uses a non-reentrant model
   311 ;;
   312                           
   313                           	psect	text2
   314  007F2A                     __ptext2:
   315                           	opt stack 0
   316  007F2A                     _delayLow:
   317                           	opt stack 28
   318                           
   319                           ;main.c: 48: angle = angle<<1;
   320                           
   321                           ;incstack = 0
   322  007F2A  90D8               	bcf	status,0,c
   323  007F2C  340C               	rlcf	delayLow@angle,w,c
   324  007F2E  6E0C               	movwf	delayLow@angle,c
   325  007F30  340D               	rlcf	delayLow@angle+1,w,c
   326  007F32  6E0D               	movwf	delayLow@angle+1,c
   327                           
   328                           ;main.c: 49: _delay(35600);
   329  007F34  0E2F               	movlw	47
   330  007F36  6E0E               	movwf	??_delayLow& (0+255),c
   331  007F38  0E3A               	movlw	58
   332  007F3A                     u57:
   333  007F3A  2EE8               	decfsz	wreg,f,c
   334  007F3C  D7FE               	goto	u57
   335  007F3E  2E0E               	decfsz	??_delayLow& (0+255),f,c
   336  007F40  D7FC               	goto	u57
   337  007F42  D000               	nop2	
   338                           
   339                           ;main.c: 50: Delay10TCYx(320-angle);
   340  007F44  500C               	movf	delayLow@angle,w,c
   341  007F46  0800               	sublw	0
   342  007F48  0F40               	addlw	64
   343  007F4A  EC5B  F03F         	call	_Delay10TCYx
   344  007F4E  0012               	return	
   345  007F50                     __end_of_delayLow:
   346                           	opt stack 0
   347                           postinc0	equ	0xFEE
   348                           wreg	equ	0xFE8
   349                           status	equ	0xFD8
   350                           
   351 ;; *************** function _delayHigh *****************
   352 ;; Defined at:
   353 ;;		line 41 in file "main.c"
   354 ;; Parameters:    Size  Location     Type
   355 ;;  angle           2    1[COMRAM] int 
   356 ;; Auto vars:     Size  Location     Type
   357 ;;		None
   358 ;; Return value:  Size  Location     Type
   359 ;;		None               void
   360 ;; Registers used:
   361 ;;		wreg, status,2, status,0, cstack
   362 ;; Tracked objects:
   363 ;;		On entry : 0/0
   364 ;;		On exit  : 0/0
   365 ;;		Unchanged: 0/0
   366 ;; Data sizes:     COMRAM   BANK0   BANK1   BANK2   BANK3   BANK4   BANK5
   367 ;;      Params:         2       0       0       0       0       0       0
   368 ;;      Locals:         0       0       0       0       0       0       0
   369 ;;      Temps:          0       0       0       0       0       0       0
   370 ;;      Totals:         2       0       0       0       0       0       0
   371 ;;Total ram usage:        2 bytes
   372 ;; Hardware stack levels used:    1
   373 ;; Hardware stack levels required when called:    1
   374 ;; This function calls:
   375 ;;		_Delay10TCYx
   376 ;; This function is called by:
   377 ;;		_doPWMPeriod
   378 ;; This function uses a non-reentrant model
   379 ;;
   380                           
   381                           	psect	text3
   382  007EF2                     __ptext3:
   383                           	opt stack 0
   384  007EF2                     _delayHigh:
   385                           	opt stack 28
   386                           
   387                           ;main.c: 42: angle = angle<<1;
   388                           
   389                           ;incstack = 0
   390  007EF2  90D8               	bcf	status,0,c
   391  007EF4  340C               	rlcf	delayHigh@angle,w,c
   392  007EF6  6E0C               	movwf	delayHigh@angle,c
   393  007EF8  340D               	rlcf	delayHigh@angle+1,w,c
   394  007EFA  6E0D               	movwf	delayHigh@angle+1,c
   395                           
   396                           ;main.c: 43: _delay(1100);
   397  007EFC  0EDC               	movlw	220
   398  007EFE                     u67:
   399  007EFE  D000               	nop2	
   400  007F00  2EE8               	decfsz	wreg,f,c
   401  007F02  D7FD               	goto	u67
   402                           
   403                           ;main.c: 44: Delay10TCYx(angle);
   404  007F04  500C               	movf	delayHigh@angle,w,c
   405  007F06  EC5B  F03F         	call	_Delay10TCYx
   406  007F0A  0012               	return	
   407  007F0C                     __end_of_delayHigh:
   408                           	opt stack 0
   409                           postinc0	equ	0xFEE
   410                           wreg	equ	0xFE8
   411                           status	equ	0xFD8
   412                           
   413 ;; *************** function _Delay10TCYx *****************
   414 ;; Defined at:
   415 ;;		line 8 in file "C:\Program Files (x86)\Microchip\xc8\v1.31\sources\pic18\d10tcyx.c"
   416 ;; Parameters:    Size  Location     Type
   417 ;;  unit            1    wreg     unsigned char 
   418 ;; Auto vars:     Size  Location     Type
   419 ;;  unit            1    0[COMRAM] unsigned char 
   420 ;; Return value:  Size  Location     Type
   421 ;;		None               void
   422 ;; Registers used:
   423 ;;		wreg
   424 ;; Tracked objects:
   425 ;;		On entry : 0/0
   426 ;;		On exit  : 0/0
   427 ;;		Unchanged: 0/0
   428 ;; Data sizes:     COMRAM   BANK0   BANK1   BANK2   BANK3   BANK4   BANK5
   429 ;;      Params:         0       0       0       0       0       0       0
   430 ;;      Locals:         1       0       0       0       0       0       0
   431 ;;      Temps:          0       0       0       0       0       0       0
   432 ;;      Totals:         1       0       0       0       0       0       0
   433 ;;Total ram usage:        1 bytes
   434 ;; Hardware stack levels used:    1
   435 ;; This function calls:
   436 ;;		Nothing
   437 ;; This function is called by:
   438 ;;		_delayHigh
   439 ;;		_delayLow
   440 ;; This function uses a non-reentrant model
   441 ;;
   442                           
   443                           	psect	text4
   444  007EB6                     __ptext4:
   445                           	opt stack 0
   446  007EB6                     _Delay10TCYx:
   447                           	opt stack 28
   448                           
   449                           ;incstack = 0
   450                           ;Delay10TCYx@unit stored from wreg
   451  007EB6  CFE8 F00B          	movff	wreg,Delay10TCYx@unit
   452  007EBA                     l294:
   453  007EBA  0E03               	movlw	3
   454  007EBC                     u77:
   455  007EBC  2EE8               	decfsz	wreg,f,c
   456  007EBE  D7FE               	goto	u77
   457  007EC0  F000               	nop	
   458  007EC2  2E0B               	decfsz	Delay10TCYx@unit,f,c
   459  007EC4  D7FA               	goto	l294
   460  007EC6  0012               	return	
   461  007EC8                     __end_of_Delay10TCYx:
   462                           	opt stack 0
   463                           postinc0	equ	0xFEE
   464                           wreg	equ	0xFE8
   465                           status	equ	0xFD8
   466                           
   467 ;; *************** function _InitApp *****************
   468 ;; Defined at:
   469 ;;		line 17 in file "user.c"
   470 ;; Parameters:    Size  Location     Type
   471 ;;		None
   472 ;; Auto vars:     Size  Location     Type
   473 ;;		None
   474 ;; Return value:  Size  Location     Type
   475 ;;		None               void
   476 ;; Registers used:
   477 ;;		wreg, status,2
   478 ;; Tracked objects:
   479 ;;		On entry : 0/0
   480 ;;		On exit  : 0/0
   481 ;;		Unchanged: 0/0
   482 ;; Data sizes:     COMRAM   BANK0   BANK1   BANK2   BANK3   BANK4   BANK5
   483 ;;      Params:         0       0       0       0       0       0       0
   484 ;;      Locals:         0       0       0       0       0       0       0
   485 ;;      Temps:          0       0       0       0       0       0       0
   486 ;;      Totals:         0       0       0       0       0       0       0
   487 ;;Total ram usage:        0 bytes
   488 ;; Hardware stack levels used:    1
   489 ;; This function calls:
   490 ;;		Nothing
   491 ;; This function is called by:
   492 ;;		_main
   493 ;; This function uses a non-reentrant model
   494 ;;
   495                           
   496                           	psect	text5
   497  007F50                     __ptext5:
   498                           	opt stack 0
   499  007F50                     _InitApp:
   500                           	opt stack 30
   501                           
   502                           ;user.c: 20: TRISA = 0b00000001;
   503                           
   504                           ;incstack = 0
   505  007F50  0E01               	movlw	1
   506  007F52  6E92               	movwf	3986,c	;volatile
   507                           
   508                           ;user.c: 21: TRISCbits.RC2 = 0b0;
   509  007F54  9494               	bcf	3988,2,c	;volatile
   510                           
   511                           ;user.c: 22: TRISDbits.RD0 = 0b0;
   512  007F56  9095               	bcf	3989,0,c	;volatile
   513                           
   514                           ;user.c: 23: LATCbits.LATC2 = 0b0;
   515  007F58  948B               	bcf	3979,2,c	;volatile
   516                           
   517                           ;user.c: 24: LATDbits.LATD0 = 0b0;
   518  007F5A  908C               	bcf	3980,0,c	;volatile
   519                           
   520                           ;user.c: 27: ADCON0bits.ADON = 0b1;
   521  007F5C  80C2               	bsf	4034,0,c	;volatile
   522                           
   523                           ;user.c: 28: ADCON0bits.CHS = 0b0000;
   524  007F5E  94C2               	bcf	4034,2,c	;volatile
   525  007F60  96C2               	bcf	4034,3,c	;volatile
   526  007F62  98C2               	bcf	4034,4,c	;volatile
   527  007F64  9AC2               	bcf	4034,5,c	;volatile
   528                           
   529                           ;user.c: 29: ADCON1bits.PCFG = 0b1110;
   530  007F66  50C1               	movf	4033,w,c	;volatile
   531  007F68  0BF0               	andlw	-16
   532  007F6A  090E               	iorlw	14
   533  007F6C  6EC1               	movwf	4033,c	;volatile
   534                           
   535                           ;user.c: 30: ADCON1bits.VCFG0 = 0b0;
   536  007F6E  98C1               	bcf	4033,4,c	;volatile
   537                           
   538                           ;user.c: 31: ADCON1bits.VCFG1 = 0b0;
   539  007F70  9AC1               	bcf	4033,5,c	;volatile
   540                           
   541                           ;user.c: 32: ADCON2bits.ADCS = 0b010;
   542  007F72  50C0               	movf	4032,w,c	;volatile
   543  007F74  0BF8               	andlw	-8
   544  007F76  0902               	iorlw	2
   545  007F78  6EC0               	movwf	4032,c	;volatile
   546                           
   547                           ;user.c: 33: ADCON2bits.ACQT = 0b001;
   548  007F7A  50C0               	movf	4032,w,c	;volatile
   549  007F7C  0BC7               	andlw	-57
   550  007F7E  0908               	iorlw	8
   551  007F80  6EC0               	movwf	4032,c	;volatile
   552                           
   553                           ;user.c: 34: ADCON2bits.ADFM = 0b1;
   554  007F82  8EC0               	bsf	4032,7,c	;volatile
   555                           
   556                           ;user.c: 38: PR2 = 0b1111011;
   557  007F84  0E7B               	movlw	123
   558  007F86  6ECB               	movwf	4043,c	;volatile
   559                           
   560                           ;user.c: 39: T2CONbits.T2CKPS = 0b11;
   561  007F88  0E03               	movlw	3
   562  007F8A  12CA               	iorwf	4042,f,c	;volatile
   563                           
   564                           ;user.c: 40: T2CONbits.TMR2ON = 0b1;
   565  007F8C  84CA               	bsf	4042,2,c	;volatile
   566                           
   567                           ;user.c: 42: CCP1CONbits.CCP1M = 0b1111;
   568  007F8E  80BD               	bsf	4029,0,c	;volatile
   569  007F90  82BD               	bsf	4029,1,c	;volatile
   570  007F92  84BD               	bsf	4029,2,c	;volatile
   571  007F94  86BD               	bsf	4029,3,c	;volatile
   572                           
   573                           ;user.c: 44: CCP1CONbits.DC1B = 0b00;
   574  007F96  0ECF               	movlw	-49
   575  007F98  16BD               	andwf	4029,f,c	;volatile
   576                           
   577                           ;user.c: 45: CCPR1L = 0b00000000;
   578  007F9A  0E00               	movlw	0
   579  007F9C  6EBE               	movwf	4030,c	;volatile
   580  007F9E  0012               	return	
   581  007FA0                     __end_of_InitApp:
   582                           	opt stack 0
   583                           postinc0	equ	0xFEE
   584                           wreg	equ	0xFE8
   585                           status	equ	0xFD8
   586                           
   587 ;; *************** function _Delay10KTCYx *****************
   588 ;; Defined at:
   589 ;;		line 8 in file "C:\Program Files (x86)\Microchip\xc8\v1.31\sources\pic18\d10ktcyx.c"
   590 ;; Parameters:    Size  Location     Type
   591 ;;  unit            1    wreg     unsigned char 
   592 ;; Auto vars:     Size  Location     Type
   593 ;;  unit            1    1[COMRAM] unsigned char 
   594 ;; Return value:  Size  Location     Type
   595 ;;		None               void
   596 ;; Registers used:
   597 ;;		wreg
   598 ;; Tracked objects:
   599 ;;		On entry : 0/0
   600 ;;		On exit  : 0/0
   601 ;;		Unchanged: 0/0
   602 ;; Data sizes:     COMRAM   BANK0   BANK1   BANK2   BANK3   BANK4   BANK5
   603 ;;      Params:         0       0       0       0       0       0       0
   604 ;;      Locals:         1       0       0       0       0       0       0
   605 ;;      Temps:          1       0       0       0       0       0       0
   606 ;;      Totals:         2       0       0       0       0       0       0
   607 ;;Total ram usage:        2 bytes
   608 ;; Hardware stack levels used:    1
   609 ;; This function calls:
   610 ;;		Nothing
   611 ;; This function is called by:
   612 ;;		_main
   613 ;; This function uses a non-reentrant model
   614 ;;
   615                           
   616                           	psect	text6
   617  007EDA                     __ptext6:
   618                           	opt stack 0
   619  007EDA                     _Delay10KTCYx:
   620                           	opt stack 30
   621                           
   622                           ;incstack = 0
   623                           ;Delay10KTCYx@unit stored from wreg
   624  007EDA  CFE8 F00C          	movff	wreg,Delay10KTCYx@unit
   625  007EDE                     l287:
   626  007EDE  0E0D               	movlw	13
   627  007EE0  6E0B               	movwf	??_Delay10KTCYx& (0+255),c
   628  007EE2  0EFC               	movlw	252
   629  007EE4                     u87:
   630  007EE4  2EE8               	decfsz	wreg,f,c
   631  007EE6  D7FE               	goto	u87
   632  007EE8  2E0B               	decfsz	??_Delay10KTCYx& (0+255),f,c
   633  007EEA  D7FC               	goto	u87
   634  007EEC  2E0C               	decfsz	Delay10KTCYx@unit,f,c
   635  007EEE  D7F7               	goto	l287
   636  007EF0  0012               	return	
   637  007EF2                     __end_of_Delay10KTCYx:
   638                           	opt stack 0
   639                           postinc0	equ	0xFEE
   640                           wreg	equ	0xFE8
   641                           status	equ	0xFD8
   642                           
   643 ;; *************** function _ConfigureOscillator *****************
   644 ;; Defined at:
   645 ;;		line 12 in file "system.c"
   646 ;; Parameters:    Size  Location     Type
   647 ;;		None
   648 ;; Auto vars:     Size  Location     Type
   649 ;;		None
   650 ;; Return value:  Size  Location     Type
   651 ;;		None               void
   652 ;; Registers used:
   653 ;;		wreg, status,2
   654 ;; Tracked objects:
   655 ;;		On entry : 0/0
   656 ;;		On exit  : 0/0
   657 ;;		Unchanged: 0/0
   658 ;; Data sizes:     COMRAM   BANK0   BANK1   BANK2   BANK3   BANK4   BANK5
   659 ;;      Params:         0       0       0       0       0       0       0
   660 ;;      Locals:         0       0       0       0       0       0       0
   661 ;;      Temps:          0       0       0       0       0       0       0
   662 ;;      Totals:         0       0       0       0       0       0       0
   663 ;;Total ram usage:        0 bytes
   664 ;; Hardware stack levels used:    1
   665 ;; This function calls:
   666 ;;		Nothing
   667 ;; This function is called by:
   668 ;;		_main
   669 ;; This function uses a non-reentrant model
   670 ;;
   671                           
   672                           	psect	text7
   673  007EA4                     __ptext7:
   674                           	opt stack 0
   675  007EA4                     _ConfigureOscillator:
   676                           	opt stack 30
   677                           
   678                           ;system.c: 20: OSCCONbits.SCS = 0b10;
   679                           
   680                           ;incstack = 0
   681  007EA4  50D3               	movf	4051,w,c	;volatile
   682  007EA6  0BFC               	andlw	-4
   683  007EA8  0902               	iorlw	2
   684  007EAA  6ED3               	movwf	4051,c	;volatile
   685                           
   686                           ;system.c: 21: OSCCONbits.IRCF = 0b111;
   687  007EAC  88D3               	bsf	4051,4,c	;volatile
   688  007EAE  8AD3               	bsf	4051,5,c	;volatile
   689  007EB0  8CD3               	bsf	4051,6,c	;volatile
   690                           
   691                           ;system.c: 22: OSCTUNEbits.PLLEN = 0b1;
   692  007EB2  8C9B               	bsf	3995,6,c	;volatile
   693  007EB4  0012               	return	
   694  007EB6                     __end_of_ConfigureOscillator:
   695                           	opt stack 0
   696  0000                     postinc0	equ	0xFEE
   697                           wreg	equ	0xFE8
   698                           status	equ	0xFD8
   699                           postinc0	equ	0xFEE
   700                           wreg	equ	0xFE8
   701                           status	equ	0xFD8
   702                           
   703                           	psect	rparam
   704  0000                     postinc0	equ	0xFEE
   705                           wreg	equ	0xFE8
   706                           status	equ	0xFD8


Data Sizes:
    Strings     0
    Constant    0
    Data        0
    BSS         10
    Persistent  0
    Stack       0

Auto Spaces:
    Space          Size  Autos    Used
    COMRAM           95      4      14
    BANK0           160      0       0
    BANK1           256      0       0
    BANK2           256      0       0
    BANK3           256      0       0
    BANK4           256      0       0
    BANK5           256      0       0

Pointer List with Targets:

    None.

Critical Paths under _main in COMRAM

    _doPWMPeriod->_delayLow
    _delayLow->_Delay10TCYx
    _delayHigh->_Delay10TCYx

Critical Paths under _main in BANK0

    None.

Critical Paths under _main in BANK1

    None.

Critical Paths under _main in BANK2

    None.

Critical Paths under _main in BANK3

    None.

Critical Paths under _main in BANK4

    None.

Critical Paths under _main in BANK5

    None.

Call Graph Tables:

 ---------------------------------------------------------------------------------
 (Depth) Function   	        Calls       Base Space   Used Autos Params    Refs
 ---------------------------------------------------------------------------------
 (0) _main                                                 0     0      0     173
                _ConfigureOscillator
                       _Delay10KTCYx
                            _InitApp
                        _doPWMPeriod
 ---------------------------------------------------------------------------------
 (1) _doPWMPeriod                                          0     0      0     158
                          _delayHigh
                           _delayLow
 ---------------------------------------------------------------------------------
 (2) _delayLow                                             3     1      2      79
                                              1 COMRAM     3     1      2
                        _Delay10TCYx
 ---------------------------------------------------------------------------------
 (2) _delayHigh                                            2     0      2      79
                                              1 COMRAM     2     0      2
                        _Delay10TCYx
 ---------------------------------------------------------------------------------
 (3) _Delay10TCYx                                          1     1      0      15
                                              0 COMRAM     1     1      0
 ---------------------------------------------------------------------------------
 (1) _InitApp                                              0     0      0       0
 ---------------------------------------------------------------------------------
 (1) _Delay10KTCYx                                         2     2      0      15
                                              0 COMRAM     2     2      0
 ---------------------------------------------------------------------------------
 (1) _ConfigureOscillator                                  0     0      0       0
 ---------------------------------------------------------------------------------
 Estimated maximum stack depth 3
 ---------------------------------------------------------------------------------

 Call Graph Graphs:

 _main (ROOT)
   _ConfigureOscillator
   _Delay10KTCYx
   _InitApp
   _doPWMPeriod
     _delayHigh
       _Delay10TCYx
     _delayLow
       _Delay10TCYx

 Address spaces:
Name               Size   Autos  Total    Cost      Usage
BIGRAM             5FF      0       0      16        0.0%
EEDATA             100      0       0       0        0.0%
BITBANK5           100      0       0      14        0.0%
BANK5              100      0       0      15        0.0%
BITBANK4           100      0       0      12        0.0%
BANK4              100      0       0      13        0.0%
BITBANK3           100      0       0      10        0.0%
BANK3              100      0       0      11        0.0%
BITBANK2           100      0       0       8        0.0%
BANK2              100      0       0       9        0.0%
BITBANK1           100      0       0       6        0.0%
BANK1              100      0       0       7        0.0%
BITBANK0            A0      0       0       4        0.0%
BANK0               A0      0       0       5        0.0%
BITCOMRAM           5F      0       0       0        0.0%
COMRAM              5F      4       E       1       14.7%
BITSFR_3             0      0       0      40        0.0%
SFR_3                0      0       0      40        0.0%
BITSFR_2             0      0       0      40        0.0%
SFR_2                0      0       0      40        0.0%
BITSFR_1             0      0       0      40        0.0%
SFR_1                0      0       0      40        0.0%
BITSFR               0      0       0      40        0.0%
SFR                  0      0       0      40        0.0%
STACK                0      0       0       2        0.0%
NULL                 0      0       0       0        0.0%
ABS                  0      0       E       3        0.0%
DATA                 0      0       E      17        0.0%
CODE                 0      0       0       0        0.0%


Microchip Technology PIC18 Macro Assembler V1.31 build 56723 
Symbol Table                                                                                   Wed Jul 30 10:20:22 2014

                           _i 0007                             _j 0009                            l36 7FDE  
                          u57 7F3A                            u67 7EFE                            u77 7EBC  
                          u87 7EE4                   __CFG_BORV$3 000000                  __CFG_CP0$OFF 000000  
                __CFG_CP1$OFF 000000                  __CFG_CP2$OFF 000000                  __CFG_CP3$OFF 000000  
                         l294 7EBA                           l287 7EDE                           l730 7FC6  
                         l726 7FAE                  __CFG_CPB$OFF 000000                           _PR2 000FCB  
                __CFG_CPD$OFF 000000          __size_of_doPWMPeriod 001E                           wreg 000FE8  
                __CFG_LVP$OFF 000000                  __CFG_WDT$OFF 000000                          _flag 0005  
                        _main 7FA0                          start 0000                 __CFG_IESO$OFF 000000  
               __CFG_MCLRE$ON 000000               __end_of_InitApp 7FA0                   _Delay10TCYx 7EB6  
                       ?_main 000B                         _TRISA 000F92         __size_of_Delay10KTCYx 0018  
         _ConfigureOscillator 7EA4                 __CFG_PWRT$OFF 000000                 __CFG_WRT0$OFF 000000  
               __CFG_WRT1$OFF 000000                 __CFG_WRT2$OFF 000000                 __CFG_WRT3$OFF 000000  
              __CFG_EBTR0$OFF 000000                __CFG_FCMEN$OFF 000000                __CFG_EBTR1$OFF 000000  
              __CFG_EBTR2$OFF 000000                __CFG_EBTR3$OFF 000000                 __CFG_WRTB$OFF 000000  
               __CFG_WRTC$OFF 000000                 __CFG_WRTD$OFF 000000                __CFG_EBTRB$OFF 000000  
                       _angle 0003                __CFG_BOREN$OFF 000000                         status 000FD8  
        ?_ConfigureOscillator 000B               __initialization 7EC8                  __end_of_main 8000  
                _Delay10KTCYx 7EDA                        ??_main 000F                 __activetblptr 000000  
                      _CCPR1L 000FBE               __CFG_BBSIZ$1024 000000                     ??_InitApp 000B  
       ??_ConfigureOscillator 000B              __end_of_delayLow 7F50                __CFG_XINST$OFF 000000  
                      clear_0 7ECE                    __accesstop 0060       __end_of__initialization 7ED4  
             __CFG_PBADEN$OFF 000000                __pcstackCOMRAM 000B            __size_of_delayHigh 001A  
                ?_Delay10TCYx 000B                 ??_doPWMPeriod 000F                     ?_delayLow 000C  
           __end_of_delayHigh 7F0C                       _InitApp 7F50                       __Hparam 0000  
                     __Lparam 0000               __CFG_STVREN$OFF 000000                       __pcinit 7EC8  
             Delay10TCYx@unit 000B                       __ramtop 0600                       __ptext0 7FA0  
                     __ptext1 7F0C                       __ptext2 7F2A                       __ptext3 7EF2  
                     __ptext4 7EB6                       __ptext5 7F50                       __ptext6 7EDA  
                     __ptext7 7EA4                     _T2CONbits 000FCA                    ??_delayLow 000E  
         __end_of_doPWMPeriod 7F2A          end_of_initialization 7ED4                       postinc0 000FEE  
               delayLow@angle 000C                     _TRISCbits 000F94                     _TRISDbits 000F95  
 __end_of_ConfigureOscillator 7EB6                   _CCP1CONbits 000FBD          __size_of_Delay10TCYx 0012  
                 _doPWMPeriod 7F0C           start_initialization 7EC8              __CFG_OSC$IRCIO67 000000  
            __CFG_LPT1OSC$OFF 000000                   __pbssCOMRAM 0001             __size_of_delayLow 0026  
                    ?_InitApp 000B                     _delayHigh 7EF2                 ?_Delay10KTCYx 000B  
                    _ADCValue 0001                      _LATCbits 000F8B                      _LATDbits 000F8C  
                  ?_delayHigh 000C              __CFG_WDTPS$32768 000000                ??_Delay10KTCYx 000B  
                  _ADCON0bits 000FC2                    _ADCON1bits 000FC1                    _ADCON2bits 000FC0  
            Delay10KTCYx@unit 000C              __size_of_InitApp 0050                      __Hrparam 0000  
                    __Lrparam 0000                  ?_doPWMPeriod 000B                      _delayLow 7F2A  
               __size_of_main 0060                   ??_delayHigh 000E  __size_of_ConfigureOscillator 0012  
               ??_Delay10TCYx 000B                delayHigh@angle 000C                   _OSCTUNEbits 000F9B  
        __end_of_Delay10KTCYx 7EF2                    _OSCCONbits 000FD3           __end_of_Delay10TCYx 7EC8  
