

Microchip Technology PIC18 LITE Macro Assembler V1.31 build 56723 
                                                                                               Sun Jun 08 15:51:01 2014

Microchip Technology Omniscient Code Generator (Lite mode) build 56723
     1                           	processor	18F4550
     2                           	fnconf	rparam,??,?,0
     3                           	opt	pw 120
     4                           	opt	lm
     5                           	psect	text0,global,reloc=2,class=CODE,delta=1
     6                           	psect	cinit,global,reloc=2,class=CODE,delta=1
     7                           	psect	cstackCOMRAM,global,class=COMRAM,space=1,delta=1
     8                           	psect	intsave_regs,global,class=BIGRAM,space=1,delta=1
     9                           	psect	rparam,global,class=COMRAM,space=1,delta=1
    10  0000                     _LATB	set	3978
    11  0000                     _LATBbits	set	3978
    12  0000                     _TRISB	set	3987
    13                           
    14                           ; 0 bytes @ 0x0
    15 ;;
    16 ;;Main: autosize = 0, tempsize = 0, incstack = 0, save=0
    17 ;;
    18 ;; *************** function _main *****************
    19 ;; Defined at:
    20 ;;		line 41 in file "main.c"
    21 ;; Parameters:    Size  Location     Type
    22 ;;		None
    23 ;; Auto vars:     Size  Location     Type
    24 ;;		None
    25 ;; Return value:  Size  Location     Type
    26 ;;		None               void
    27 ;; Registers used:
    28 ;;		wreg, status,2
    29 ;; Tracked objects:
    30 ;;		On entry : 0/0
    31 ;;		On exit  : 0/0
    32 ;;		Unchanged: 0/0
    33 ;; Data sizes:     COMRAM   BANK0   BANK1   BANK2   BANK3   BANK4   BANK5   BANK6   BANK7
    34 ;;      Params:         0       0       0       0       0       0       0       0       0
    35 ;;      Locals:         0       0       0       0       0       0       0       0       0
    36 ;;      Temps:          0       0       0       0       0       0       0       0       0
    37 ;;      Totals:         0       0       0       0       0       0       0       0       0
    38 ;;Total ram usage:        0 bytes
    39 ;; This function calls:
    40 ;;		Nothing
    41 ;; This function is called by:
    42 ;;		Startup code after reset
    43 ;; This function uses a non-reentrant model
    44 ;;
    45                           
    46                           	psect	text0
    47  007FEE                     __ptext0:
    48                           	opt stack 0
    49  007FEE                     _main:
    50                           	opt stack 31
    51                           
    52                           ;main.c: 43: TRISB = 0xF0 ;
    53                           
    54                           ;incstack = 0
    55  007FEE  0EF0               	movlw	240
    56  007FF0  6E93               	movwf	3987,c	;volatile
    57                           
    58                           ;main.c: 44: LATB=0b00000000;
    59  007FF2  0E00               	movlw	0
    60  007FF4  6E8A               	movwf	3978,c	;volatile
    61  007FF6                     l617:
    62                           
    63                           ;main.c: 46: {
    64                           ;main.c: 48: LATBbits.LATB0 = 1;
    65  007FF6  808A               	bsf	3978,0,c	;volatile
    66                           
    67                           ;main.c: 49: LATBbits.LATB1 = 1;
    68  007FF8  828A               	bsf	3978,1,c	;volatile
    69                           
    70                           ;main.c: 53: LATBbits.LATB0 = 0;
    71  007FFA  908A               	bcf	3978,0,c	;volatile
    72                           
    73                           ;main.c: 54: LATBbits.LATB1 = 0;
    74  007FFC  928A               	bcf	3978,1,c	;volatile
    75  007FFE  D7FB               	goto	l617
    76  008000                     __end_of_main:
    77                           	opt stack 0
    78  0000                     
    79                           	psect	cinit
    80  007FE8                     __pcinit:
    81                           	opt stack 0
    82  007FE8                     start_initialization:
    83                           	opt stack 0
    84  007FE8                     __initialization:
    85                           	opt stack 0
    86  007FE8                     end_of_initialization:
    87                           	opt stack 0
    88  007FE8                     __end_of__initialization:
    89                           	opt stack 0
    90  007FE8  0100               	movlb	0
    91  007FEA  EFF7  F03F         	goto	_main	;jump to C main() function
    92                           
    93                           	psect	cstackCOMRAM
    94  000000                     __pcstackCOMRAM:
    95                           	opt stack 0
    96  000000                     
    97                           	psect	rparam


Data Sizes:
    Strings     0
    Constant    0
    Data        0
    BSS         0
    Persistent  0
    Stack       0

Auto Spaces:
    Space          Size  Autos    Used
    COMRAM           95      0       0
    BANK0           160      0       0
    BANK1           256      0       0
    BANK2           256      0       0
    BANK3           256      0       0
    BANK4           256      0       0
    BANK5           256      0       0
    BANK6           256      0       0
    BANK7           256      0       0

Pointer List with Targets:

    None.

Critical Paths under _main in COMRAM

    None.

Critical Paths under _main in BANK0

    None.

Critical Paths under _main in BANK1

    None.

Critical Paths under _main in BANK2

    None.

Critical Paths under _main in BANK3

    None.

Critical Paths under _main in BANK4

    None.

Critical Paths under _main in BANK5

    None.

Critical Paths under _main in BANK6

    None.

Critical Paths under _main in BANK7

    None.

Call Graph Tables:

 ---------------------------------------------------------------------------------
 (Depth) Function   	        Calls       Base Space   Used Autos Params    Refs
 ---------------------------------------------------------------------------------
 (0) _main                                                 0     0      0       0
 ---------------------------------------------------------------------------------
 Estimated maximum stack depth 0
 ---------------------------------------------------------------------------------

 Call Graph Graphs:

 _main (ROOT)

 Address spaces:
Name               Size   Autos  Total    Cost      Usage
BITCOMRAM           5F      0       0       0        0.0%
EEDATA             100      0       0       0        0.0%
NULL                 0      0       0       0        0.0%
CODE                 0      0       0       0        0.0%
COMRAM              5F      0       0       1        0.0%
STACK                0      0       0       2        0.0%
DATA                 0      0       0       3        0.0%
BITBANK0            A0      0       0       4        0.0%
BANK0               A0      0       0       5        0.0%
BITBANK1           100      0       0       6        0.0%
BANK1              100      0       0       7        0.0%
BITBANK2           100      0       0       8        0.0%
BANK2              100      0       0       9        0.0%
BITBANK3           100      0       0      10        0.0%
BANK3              100      0       0      11        0.0%
BITBANK4           100      0       0      12        0.0%
BANK4              100      0       0      13        0.0%
BITBANK5           100      0       0      14        0.0%
BANK5              100      0       0      15        0.0%
BITBANK6           100      0       0      16        0.0%
BANK6              100      0       0      17        0.0%
BITBANK7           100      0       0      18        0.0%
BANK7              100      0       0      19        0.0%
ABS                  0      0       0      20        0.0%
BIGRAM             7FF      0       0      21        0.0%
BITSFR               0      0       0      40        0.0%
SFR                  0      0       0      40        0.0%


Microchip Technology PIC18 Macro Assembler V1.31 build 56723 
Symbol Table                                                                                   Sun Jun 08 15:51:01 2014

            __CFG_BORV$3 000000             __CFG_CP0$OFF 000000             __CFG_CP1$OFF 000000  
           __CFG_CP2$OFF 000000             __CFG_CP3$OFF 000000                      l617 7FF6  
           __CFG_CPB$OFF 000000             __CFG_CPD$OFF 000000             __CFG_BOR$OFF 000000  
           __CFG_WDT$OFF 000000                     _LATB 000F8A                     _main 7FEE  
                   start 0000            __CFG_IESO$OFF 000000            __CFG_PLLDIV$5 000000  
                  ?_main 0000            __CFG_USBDIV$2 000000                    _TRISB 000F93  
          __CFG_PWRT$OFF 000000            __CFG_WRT0$OFF 000000            __CFG_WRT1$OFF 000000  
          __CFG_WRT2$OFF 000000            __CFG_WRT3$OFF 000000           __CFG_FCMEN$OFF 000000  
        __initialization 7FE8             __end_of_main 8000                   ??_main 0000  
          __activetblptr 000000               __accesstop 0060  __end_of__initialization 7FE8  
         __pcstackCOMRAM 0000          __CFG_VREGEN$OFF 000000                  __Hparam 0000  
                __Lparam 0000                  __pcinit 7FE8                  __ramtop 0800  
                __ptext0 7FEE     end_of_initialization 7FE8      start_initialization 7FE8  
               _LATBbits 000F8A                 __Hrparam 0000                 __Lrparam 0000  
  __CFG_FOSC$INTOSCIO_EC 000000            __size_of_main 0012    __CFG_CPUDIV$OSC1_PLL2 000000  
